\BOOKMARK [1][-]{section.1}{\376\377\220\011\230\230\141\017\116\111}{}% 1
\BOOKMARK [1][-]{section.2}{\376\377\230\171\166\356\166\356\150\007}{}% 2
\BOOKMARK [1][-]{section.3}{\376\377\145\160\143\156\122\006\147\220}{}% 3
\BOOKMARK [1][-]{section.4}{\376\377\173\046\123\367\213\364\146\016}{}% 4
\BOOKMARK [1][-]{section.5}{\376\377\173\054\116\000\226\066\153\265}{}% 5
\BOOKMARK [2][-]{subsection.5.1}{\376\377\162\171\137\201\220\011\142\351\116\016\213\357\135\356\213\304\117\060}{section.5}% 6
\BOOKMARK [2][-]{subsection.5.2}{\376\377\145\160\143\156\220\011\123\326\116\016\122\022\122\006}{section.5}% 7
\BOOKMARK [2][-]{subsection.5.3}{\376\377\152\041\127\213\213\304\117\060}{section.5}% 8
\BOOKMARK [3][-]{subsubsection.5.3.1}{\376\377\000M\000L\000P}{subsection.5.3}% 9
\BOOKMARK [3][-]{subsubsection.5.3.2}{\376\377\000S\000V\000M}{subsection.5.3}% 10
\BOOKMARK [3][-]{subsubsection.5.3.3}{\376\377\000R\000F}{subsection.5.3}% 11
\BOOKMARK [3][-]{subsubsection.5.3.4}{\376\377\000L\000G\000B\000M}{subsection.5.3}% 12
\BOOKMARK [3][-]{subsubsection.5.3.5}{\376\377\000X\000G\000B}{subsection.5.3}% 13
\BOOKMARK [3][-]{subsubsection.5.3.6}{\376\377\000S\000T\000A\000C\000K}{subsection.5.3}% 14
\BOOKMARK [2][-]{subsection.5.4}{\376\377\134\026\134\360\117\030\123\026}{section.5}% 15
\BOOKMARK [2][-]{subsection.5.5}{\376\377\176\323\147\234\213\304\117\060}{section.5}% 16
\BOOKMARK [1][-]{section.6}{\376\377\173\054\116\214\226\066\153\265}{}% 17
\BOOKMARK [2][-]{subsection.6.1}{\376\377\145\340\177\026\170\001\126\150\176\323\147\234}{section.6}% 18
\BOOKMARK [2][-]{subsection.6.2}{\376\377\147\011\177\026\170\001\126\150\176\323\147\234}{section.6}% 19
\BOOKMARK [2][-]{subsection.6.3}{\376\377\176\323\147\234\122\006\147\220}{section.6}% 20
